<?xml version="1.0" encoding="UTF-8"?>
<!-- Generated by org.testng.reporters.JUnitReportReporter -->
<testsuite skipped="0" hostname="DESKTOP-LJV2VHH" name="com.demo.tests.TestCase_01_UserRegistration" tests="2" failures="0" timestamp="2020-09-24T13:22:16 EEST" time="2.067" errors="0">
  <testcase name="api_bootstrap" time="1.396" classname="com.demo.tests.TestCase_01_UserRegistration"/>
  <system-out/>
  <testcase name="create_new_user" time="0.671" classname="com.demo.tests.TestCase_01_UserRegistration"/>
  <system-out/>
</testsuite> <!-- com.demo.tests.TestCase_01_UserRegistration -->
