<?xml version="1.0" encoding="UTF-8"?>
<!-- Generated by org.testng.reporters.JUnitReportReporter -->
<testsuite skipped="0" hostname="DESKTOP-LJV2VHH" name="com.demo.tests.TestCase_01_UserRegistration" tests="1" failures="0" timestamp="2020-09-23T11:19:33 EEST" time="1.380" errors="0">
  <testcase name="api_bootstrap" time="1.380" classname="com.demo.tests.TestCase_01_UserRegistration"/>
  <system-out/>
</testsuite> <!-- com.demo.tests.TestCase_01_UserRegistration -->
