<?xml version="1.0" encoding="UTF-8"?>
<!-- Generated by org.testng.reporters.JUnitReportReporter -->
<testsuite skipped="0" hostname="LTBPSOF695" name="com.demo.tests.TestCase_01" tests="2" failures="0" timestamp="2021-04-02T01:23:45 EEST" time="3.790" errors="0">
  <testcase name="add_new_basket" time="2.733" classname="com.demo.tests.TestCase_01"/>
  <system-out/>
  <testcase name="get_collected_requests" time="1.057" classname="com.demo.tests.TestCase_01"/>
  <system-out/>
</testsuite> <!-- com.demo.tests.TestCase_01 -->
